0 info it worked if it ends with ok
1 verbose cli [ 'node',
1 verbose cli   '/usr/local/bin/npm',
1 verbose cli   'install',
1 verbose cli   'babel-polyfill@5',
1 verbose cli   '--save-dev' ]
2 info using npm@2.13.5
3 info using node@v0.12.7
4 verbose node symlink /usr/local/bin/node
5 verbose install initial load of /Users/furoshiki/Desktop/dev_2/booth_maniax/package.json
6 verbose installManyTop reading scoped package data from /Users/furoshiki/Desktop/dev_2/booth_maniax/node_modules/async/package.json
7 verbose installManyTop reading scoped package data from /Users/furoshiki/Desktop/dev_2/booth_maniax/node_modules/babel/package.json
8 verbose installManyTop reading scoped package data from /Users/furoshiki/Desktop/dev_2/booth_maniax/node_modules/babel-core/package.json
9 verbose installManyTop reading scoped package data from /Users/furoshiki/Desktop/dev_2/booth_maniax/node_modules/babel-loader/package.json
10 verbose installManyTop reading scoped package data from /Users/furoshiki/Desktop/dev_2/booth_maniax/node_modules/babel-plugin-uglify/package.json
11 verbose installManyTop reading scoped package data from /Users/furoshiki/Desktop/dev_2/booth_maniax/node_modules/babel-polyfill/package.json
12 verbose installManyTop reading scoped package data from /Users/furoshiki/Desktop/dev_2/booth_maniax/node_modules/babel-preset-es2015/package.json
13 verbose installManyTop reading scoped package data from /Users/furoshiki/Desktop/dev_2/booth_maniax/node_modules/babel-preset-stage-0/package.json
14 verbose installManyTop reading scoped package data from /Users/furoshiki/Desktop/dev_2/booth_maniax/node_modules/babel-preset-stage-3/package.json
15 verbose installManyTop reading scoped package data from /Users/furoshiki/Desktop/dev_2/booth_maniax/node_modules/babel-runtime/package.json
16 verbose installManyTop reading scoped package data from /Users/furoshiki/Desktop/dev_2/booth_maniax/node_modules/fs-extra/package.json
17 verbose installManyTop reading scoped package data from /Users/furoshiki/Desktop/dev_2/booth_maniax/node_modules/glob/package.json
18 verbose installManyTop reading scoped package data from /Users/furoshiki/Desktop/dev_2/booth_maniax/node_modules/mkdirp/package.json
19 verbose installManyTop reading scoped package data from /Users/furoshiki/Desktop/dev_2/booth_maniax/node_modules/ncp/package.json
20 verbose installManyTop reading scoped package data from /Users/furoshiki/Desktop/dev_2/booth_maniax/node_modules/util/package.json
21 verbose installManyTop reading scoped package data from /Users/furoshiki/Desktop/dev_2/booth_maniax/node_modules/webpack/package.json
22 info package.json babel-polyfill@6.1.19 No description
23 info package.json util@0.10.3 util is also the name of a node core module.
24 verbose readDependencies loading dependencies from /Users/furoshiki/Desktop/dev_2/booth_maniax/package.json
25 silly cache add args [ 'babel-polyfill@5', null ]
26 verbose cache add spec babel-polyfill@5
27 silly cache add parsed spec { raw: 'babel-polyfill@5',
27 silly cache add   scope: null,
27 silly cache add   name: 'babel-polyfill',
27 silly cache add   rawSpec: '5',
27 silly cache add   spec: '>=5.0.0 <6.0.0',
27 silly cache add   type: 'range' }
28 silly addNamed babel-polyfill@>=5.0.0 <6.0.0
29 verbose addNamed ">=5.0.0 <6.0.0" is a valid semver range for babel-polyfill
30 silly addNameRange { name: 'babel-polyfill',
30 silly addNameRange   range: '>=5.0.0 <6.0.0',
30 silly addNameRange   hasData: false }
31 silly mapToRegistry name babel-polyfill
32 silly mapToRegistry using default registry
33 silly mapToRegistry registry https://registry.npmjs.org/
34 silly mapToRegistry uri https://registry.npmjs.org/babel-polyfill
35 verbose addNameRange registry:https://registry.npmjs.org/babel-polyfill not in flight; fetching
36 verbose request uri https://registry.npmjs.org/babel-polyfill
37 verbose request no auth needed
38 info attempt registry request try #1 at 01:08:40
39 verbose request id 1e9485f3b3de627d
40 verbose etag "1RE0IFV2HGNK7OHUUQNJ63RBS"
41 http request GET https://registry.npmjs.org/babel-polyfill
42 http 304 https://registry.npmjs.org/babel-polyfill
43 silly get cb [ 304,
43 silly get   { date: 'Fri, 13 Nov 2015 16:08:40 GMT',
43 silly get     via: '1.1 varnish',
43 silly get     'cache-control': 'max-age=60',
43 silly get     etag: '"1RE0IFV2HGNK7OHUUQNJ63RBS"',
43 silly get     age: '0',
43 silly get     connection: 'keep-alive',
43 silly get     'x-served-by': 'cache-nrt6131-NRT',
43 silly get     'x-cache': 'HIT',
43 silly get     'x-cache-hits': '1',
43 silly get     'x-timer': 'S1447430920.882911,VS0,VE579',
43 silly get     vary: 'Accept' } ]
44 verbose etag https://registry.npmjs.org/babel-polyfill from cache
45 verbose get saving babel-polyfill to /var/root/.npm/registry.npmjs.org/babel-polyfill/.cache.json
46 silly addNameRange number 2 { name: 'babel-polyfill',
46 silly addNameRange   range: '>=5.0.0 <6.0.0',
46 silly addNameRange   hasData: true }
47 silly addNameRange versions [ 'babel-polyfill',
47 silly addNameRange   [ '6.0.2',
47 silly addNameRange     '6.0.14',
47 silly addNameRange     '6.0.16',
47 silly addNameRange     '6.1.4',
47 silly addNameRange     '6.1.17',
47 silly addNameRange     '6.1.18',
47 silly addNameRange     '6.1.19' ] ]
48 verbose stack Error: No compatible version found: babel-polyfill@'>=5.0.0 <6.0.0'
48 verbose stack Valid install targets:
48 verbose stack ["6.0.2","6.0.14","6.0.16","6.1.4","6.1.17","6.1.18","6.1.19"]
48 verbose stack
48 verbose stack     at installTargetsError (/usr/local/lib/node_modules/npm/lib/cache/add-named.js:278:12)
48 verbose stack     at next (/usr/local/lib/node_modules/npm/lib/cache/add-named.js:256:19)
48 verbose stack     at setData (/usr/local/lib/node_modules/npm/lib/cache/add-named.js:230:5)
48 verbose stack     at RES (/usr/local/lib/node_modules/npm/node_modules/inflight/inflight.js:23:14)
48 verbose stack     at f (/usr/local/lib/node_modules/npm/node_modules/once/once.js:17:25)
48 verbose stack     at fixName (/usr/local/lib/node_modules/npm/lib/cache/add-named.js:29:5)
48 verbose stack     at saved (/usr/local/lib/node_modules/npm/lib/cache/caching-client.js:173:7)
48 verbose stack     at /usr/local/lib/node_modules/npm/node_modules/graceful-fs/polyfills.js:210:7
48 verbose stack     at FSReqWrap.oncomplete (fs.js:95:15)
49 verbose cwd /Users/furoshiki/Desktop/dev_2/booth_maniax
50 error Darwin 14.5.0
51 error argv "node" "/usr/local/bin/npm" "install" "babel-polyfill@5" "--save-dev"
52 error node v0.12.7
53 error npm  v2.13.5
54 error code ETARGET
55 error notarget No compatible version found: babel-polyfill@'>=5.0.0 <6.0.0'
55 error notarget Valid install targets:
55 error notarget ["6.0.2","6.0.14","6.0.16","6.1.4","6.1.17","6.1.18","6.1.19"]
55 error notarget
55 error notarget This is most likely not a problem with npm itself.
55 error notarget In most cases you or one of your dependencies are requesting
55 error notarget a package version that doesn't exist.
55 error notarget
55 error notarget It was specified as a dependency of 'booth_maniax'
56 verbose exit [ 1, true ]
